node:events:496
      throw er; // Unhandled 'error' event
      ^

Error: listen EACCES: permission denied 0.0.0.0:3001
    at Server.setupListenHandle [as _listen2] (node:net:1915:21)
    at listenInCluster (node:net:1994:12)
    at Server.listen (node:net:2099:7)
    at serve (file:///E:/Project/FAST-P2P/apps/relay/node_modules/@hono/node-server/dist/index.mjs:629:10)
    at <anonymous> (E:\Project\FAST-P2P\apps\relay\src\index.ts:31:16)
    at ModuleJob.run (node:internal/modules/esm/module_job:271:25)
    at async onImport.tracePromise.__proto__ (node:internal/modules/esm/loader:578:26)
    at async asyncRunEntryPointWithESMLoader (node:internal/modules/run_main:116:5)
Emitted 'error' event on WebSocketServer instance at:
    at Server.emit (node:events:518:28)
    at emitErrorNT (node:net:1973:8)
    at process.processTicksAndRejections (node:internal/process/task_queues:90:21) {
  code: 'EACCES',
  errno: -4092,
  syscall: 'listen',
  address: '0.0.0.0',
  port: 3001
}

Node.js v22.14.0
